<?xml version="1.0" encoding="UTF-8"?>
<!-- Generated by org.testng.reporters.JUnitReportReporter -->
<testsuite hostname="DESKTOP-IAADVH5" failures="0" tests="1" name="StepDefPkg.RunnerFbLogin" time="5.487" errors="0" timestamp="2025-03-06T11:46:13 IST" skipped="0">
  <testcase classname="StepDefPkg.RunnerFbLogin" name="runScenario" time="5.487"/>
</testsuite> <!-- StepDefPkg.RunnerFbLogin -->
